[    0.000000] Initializing cgroup subsys cpuset
[    0.000000] Initializing cgroup subsys cpu
[    0.000000] Initializing cgroup subsys cpuacct
[    0.000000] Linux version 4.4.0-185-generic (buildd@lgw01-amd64-017) (gcc version 5.4.0 20160609 (Ubuntu 5.4.0-6ubuntu1~16.04.12) ) #215-Ubuntu SMP Mon Jun 8 21:53:19 UTC 2020 (Ubuntu 4.4.0-185.215-generic 4.4.224)
[    0.000000] Command line: BOOT_IMAGE=/boot/vmlinuz-4.4.0-185-generic root=LABEL=cloudimg-rootfs ro console=tty1 console=ttyS0
[    0.000000] KERNEL supported cpus:
[    0.000000]   Intel GenuineIntel
[    0.000000]   AMD AuthenticAMD
[    0.000000]   Centaur CentaurHauls
[    0.000000] x86/fpu: xstate_offset[2]:  576, xstate_sizes[2]:  256
[    0.000000] x86/fpu: Supporting XSAVE feature 0x01: 'x87 floating point registers'
[    0.000000] x86/fpu: Supporting XSAVE feature 0x02: 'SSE registers'
[    0.000000] x86/fpu: Supporting XSAVE feature 0x04: 'AVX registers'
[    0.000000] x86/fpu: Enabled xstate features 0x7, context size is 832 bytes, using 'standard' format.
[    0.000000] e820: BIOS-provided physical RAM map:
[    0.000000] BIOS-e820: [mem 0x0000000000000000-0x000000000009fbff] usable
[    0.000000] BIOS-e820: [mem 0x000000000009fc00-0x000000000009ffff] reserved
[    0.000000] BIOS-e820: [mem 0x00000000000f0000-0x00000000000fffff] reserved
[    0.000000] BIOS-e820: [mem 0x0000000000100000-0x000000003ffeffff] usable
[    0.000000] BIOS-e820: [mem 0x000000003fff0000-0x000000003fffffff] ACPI data
[    0.000000] BIOS-e820: [mem 0x00000000fec00000-0x00000000fec00fff] reserved
[    0.000000] BIOS-e820: [mem 0x00000000fee00000-0x00000000fee00fff] reserved
[    0.000000] BIOS-e820: [mem 0x00000000fffc0000-0x00000000ffffffff] reserved
[    0.000000] NX (Execute Disable) protection: active
[    0.000000] SMBIOS 2.5 present.
[    0.000000] Hypervisor detected: KVM
[    0.000000] e820: last_pfn = 0x3fff0 max_arch_pfn = 0x400000000
[    0.000000] MTRR: Disabled
[    0.000000] x86/PAT: MTRRs disabled, skipping PAT initialization too.
[    0.000000] CPU MTRRs all blank - virtualized system.
[    0.000000] x86/PAT: Configuration [0-7]: WB  WT  UC- UC  WB  WT  UC- UC  
[    0.000000] found SMP MP-table at [mem 0x0009fff0-0x0009ffff] mapped at [ffff88000009fff0]
[    0.000000] Scanning 1 areas for low memory corruption
[    0.000000] RAMDISK: [mem 0x362e0000-0x37167fff]
[    0.000000] ACPI: Early table checksum verification disabled
[    0.000000] ACPI: RSDP 0x00000000000E0000 000024 (v02 VBOX  )
[    0.000000] ACPI: XSDT 0x000000003FFF0030 00003C (v01 VBOX   VBOXXSDT 00000001 ASL  00000061)
[    0.000000] ACPI: FACP 0x000000003FFF00F0 0000F4 (v04 VBOX   VBOXFACP 00000001 ASL  00000061)
[    0.000000] ACPI: DSDT 0x000000003FFF0470 002325 (v02 VBOX   VBOXBIOS 00000002 INTL 20100528)
[    0.000000] ACPI: FACS 0x000000003FFF0200 000040
[    0.000000] ACPI: FACS 0x000000003FFF0200 000040
[    0.000000] ACPI: APIC 0x000000003FFF0240 000054 (v02 VBOX   VBOXAPIC 00000001 ASL  00000061)
[    0.000000] ACPI: SSDT 0x000000003FFF02A0 0001CC (v01 VBOX   VBOXCPUT 00000002 INTL 20100528)
[    0.000000] No NUMA configuration found
[    0.000000] Faking a node at [mem 0x0000000000000000-0x000000003ffeffff]
[    0.000000] NODE_DATA(0) allocated [mem 0x3ffeb000-0x3ffeffff]
[    0.000000] kvm-clock: Using msrs 4b564d01 and 4b564d00
[    0.000000] kvm-clock: cpu 0, msr 0:3ffe3001, primary cpu clock
[    0.000000] kvm-clock: using sched offset of 3789679954 cycles
[    0.000000] clocksource: kvm-clock: mask: 0xffffffffffffffff max_cycles: 0x1cd42e4dffb, max_idle_ns: 881590591483 ns
[    0.000000] Zone ranges:
[    0.000000]   DMA      [mem 0x0000000000001000-0x0000000000ffffff]
[    0.000000]   DMA32    [mem 0x0000000001000000-0x000000003ffeffff]
[    0.000000]   Normal   empty
[    0.000000]   Device   empty
[    0.000000] Movable zone start for each node
[    0.000000] Early memory node ranges
[    0.000000]   node   0: [mem 0x0000000000001000-0x000000000009efff]
[    0.000000]   node   0: [mem 0x0000000000100000-0x000000003ffeffff]
[    0.000000] Initmem setup node 0 [mem 0x0000000000001000-0x000000003ffeffff]
[    0.000000] ACPI: PM-Timer IO Port: 0x4008
[    0.000000] IOAPIC[0]: apic_id 1, version 32, address 0xfec00000, GSI 0-23
[    0.000000] ACPI: INT_SRC_OVR (bus 0 bus_irq 0 global_irq 2 dfl dfl)
[    0.000000] ACPI: INT_SRC_OVR (bus 0 bus_irq 9 global_irq 9 low level)
[    0.000000] Using ACPI (MADT) for SMP configuration information
[    0.000000] smpboot: Allowing 1 CPUs, 0 hotplug CPUs
[    0.000000] PM: Registered nosave memory: [mem 0x00000000-0x00000fff]
[    0.000000] PM: Registered nosave memory: [mem 0x0009f000-0x0009ffff]
[    0.000000] PM: Registered nosave memory: [mem 0x000a0000-0x000effff]
[    0.000000] PM: Registered nosave memory: [mem 0x000f0000-0x000fffff]
[    0.000000] e820: [mem 0x40000000-0xfebfffff] available for PCI devices
[    0.000000] Booting paravirtualized kernel on KVM
[    0.000000] clocksource: refined-jiffies: mask: 0xffffffff max_cycles: 0xffffffff, max_idle_ns: 7645519600211568 ns
[    0.000000] setup_percpu: NR_CPUS:512 nr_cpumask_bits:512 nr_cpu_ids:1 nr_node_ids:1
[    0.000000] PERCPU: Embedded 33 pages/cpu @ffff88003fc00000 s95448 r8192 d31528 u2097152
[    0.000000] Built 1 zonelists in Node order, mobility grouping on.  Total pages: 257912
[    0.000000] Policy zone: DMA32
[    0.000000] Kernel command line: BOOT_IMAGE=/boot/vmlinuz-4.4.0-185-generic root=LABEL=cloudimg-rootfs ro console=tty1 console=ttyS0
[    0.000000] PID hash table entries: 4096 (order: 3, 32768 bytes)
[    0.000000] Memory: 997804K/1048120K available (8632K kernel code, 1336K rwdata, 4036K rodata, 1488K init, 1292K bss, 50316K reserved, 0K cma-reserved)
[    0.000000] SLUB: HWalign=64, Order=0-3, MinObjects=0, CPUs=1, Nodes=1
[    0.000000] Kernel/User page tables isolation: enabled
[    0.000000] Hierarchical RCU implementation.
[    0.000000] 	Build-time adjustment of leaf fanout to 64.
[    0.000000] 	RCU restricting CPUs from NR_CPUS=512 to nr_cpu_ids=1.
[    0.000000] RCU: Adjusting geometry for rcu_fanout_leaf=64, nr_cpu_ids=1
[    0.000000] NR_IRQS:33024 nr_irqs:256 16
[    0.000000] Console: colour VGA+ 80x25
[    0.000000] console [tty1] enabled
[    0.000000] console [ttyS0] enabled
[    0.000000] tsc: Detected 1800.003 MHz processor
[    0.421267] Calibrating delay loop (skipped) preset value.. 3600.00 BogoMIPS (lpj=7200012)
[    0.425821] pid_max: default: 32768 minimum: 301
[    0.428352] ACPI: Core revision 20150930
[    0.432199] ACPI: 2 ACPI AML tables successfully acquired and loaded
[    0.436730] Security Framework initialized
[    0.439715] Yama: becoming mindful.
[    0.442402] AppArmor: AppArmor initialized
[    0.445712] Dentry cache hash table entries: 131072 (order: 8, 1048576 bytes)
[    0.455644] Inode-cache hash table entries: 65536 (order: 7, 524288 bytes)
[    0.459771] Mount-cache hash table entries: 2048 (order: 2, 16384 bytes)
[    0.464256] Mountpoint-cache hash table entries: 2048 (order: 2, 16384 bytes)
[    0.469900] Initializing cgroup subsys io
[    0.472213] Initializing cgroup subsys memory
[    0.474712] Initializing cgroup subsys devices
[    0.477160] Initializing cgroup subsys freezer
[    0.479662] Initializing cgroup subsys net_cls
[    0.482150] Initializing cgroup subsys perf_event
[    0.484922] Initializing cgroup subsys net_prio
[    0.487398] Initializing cgroup subsys hugetlb
[    0.489840] Initializing cgroup subsys pids
[    0.493737] mce: CPU supports 0 MCE banks
[    0.495992] process: using mwait in idle threads
[    0.498564] Last level iTLB entries: 4KB 64, 2MB 8, 4MB 8
[    0.501623] Last level dTLB entries: 4KB 64, 2MB 0, 4MB 0, 1GB 4
[    0.504783] Spectre V1 : Mitigation: usercopy/swapgs barriers and __user pointer sanitization
[    0.509407] Spectre V2 : Mitigation: Full generic retpoline
[    0.512544] Spectre V2 : Spectre v2 / SpectreRSB mitigation: Filling RSB on context switch
[    0.517828] Speculative Store Bypass: Vulnerable
[    0.520610] SRBDS: Unknown: Dependent on hypervisor status
[    0.523563] MDS: Vulnerable: Clear CPU buffers attempted, no microcode
[    0.564404] Freeing SMP alternatives memory: 36K
[    0.580145] ftrace: allocating 32322 entries in 127 pages
[    0.684490] smpboot: APIC(0) Converting physical 0 to logical package 0
[    0.689137] smpboot: Max logical packages: 1
[    0.692060] x2apic enabled
[    0.694281] Switched APIC routing to physical x2apic.
[    0.698527] ..TIMER: vector=0x30 apic1=0 pin1=2 apic2=-1 pin2=-1
[    0.810088] smpboot: CPU0: Intel(R) Core(TM) i5-8250U CPU @ 1.60GHz (family: 0x6, model: 0x8e, stepping: 0xa)
[    0.816385] Performance Events: unsupported p6 CPU model 142 no PMU driver, software events only.
[    0.841249] KVM setup paravirtual spinlock
[    0.845515] x86: Booted up 1 node, 1 CPUs
[    0.848710] smpboot: Total of 1 processors activated (3600.00 BogoMIPS)
[    0.852417] devtmpfs: initialized
[    0.856319] evm: security.selinux
[    0.858681] evm: security.SMACK64
[    0.861348] evm: security.SMACK64EXEC
[    0.863487] evm: security.SMACK64TRANSMUTE
[    0.865853] evm: security.SMACK64MMAP
[    0.868051] evm: security.ima
[    0.870184] evm: security.capability
[    0.872606] clocksource: jiffies: mask: 0xffffffff max_cycles: 0xffffffff, max_idle_ns: 7645041785100000 ns
[    0.877871] futex hash table entries: 256 (order: 2, 16384 bytes)
[    0.882154] pinctrl core: initialized pinctrl subsystem
[    0.885116] RTC time: 17:52:56, date: 07/21/20
[    0.887749] NET: Registered protocol family 16
[    0.890472] cpuidle: using governor ladder
[    0.893599] cpuidle: using governor menu
[    0.895790] PCCT header not found.
[    0.897825] ACPI: bus type PCI registered
[    0.900995] acpiphp: ACPI Hot Plug PCI Controller Driver version: 0.5
[    0.904674] PCI: Using configuration type 1 for base access
[    0.912424] ACPI: Added _OSI(Module Device)
[    0.914917] ACPI: Added _OSI(Processor Device)
[    0.918067] ACPI: Added _OSI(3.0 _SCP Extensions)
[    0.921419] ACPI: Added _OSI(Processor Aggregator Device)
[    0.925330] ACPI: Executed 1 blocks of module-level executable AML code
[    0.931509] ACPI: Interpreter enabled
[    0.933788] ACPI: (supports S0 S5)
[    0.935890] ACPI: Using IOAPIC for interrupt routing
[    0.940008] PCI: Using host bridge windows from ACPI; if necessary, use "pci=nocrs" and report a bug
[    0.949476] ACPI: PCI Root Bridge [PCI0] (domain 0000 [bus 00-ff])
[    0.953548] acpi PNP0A03:00: _OSC: OS supports [ASPM ClockPM Segments MSI]
[    0.957535] acpi PNP0A03:00: _OSC: not requesting OS control; OS requires [ExtendedConfig ASPM ClockPM MSI]
[    0.962893] acpi PNP0A03:00: fail to add MMCONFIG information, can't access extended PCI configuration space under this bridge.
[    0.969273] PCI host bridge to bus 0000:00
[    0.971718] pci_bus 0000:00: root bus resource [io  0x0000-0x0cf7 window]
[    0.975517] pci_bus 0000:00: root bus resource [io  0x0d00-0xffff window]
[    0.978972] pci_bus 0000:00: root bus resource [mem 0x000a0000-0x000bffff window]
[    0.983395] pci_bus 0000:00: root bus resource [mem 0x40000000-0xfdffffff window]
[    0.988870] pci_bus 0000:00: root bus resource [bus 00-ff]
[    0.994578] pci 0000:00:01.1: legacy IDE quirk: reg 0x10: [io  0x01f0-0x01f7]
[    0.998258] pci 0000:00:01.1: legacy IDE quirk: reg 0x14: [io  0x03f6]
[    1.001538] pci 0000:00:01.1: legacy IDE quirk: reg 0x18: [io  0x0170-0x0177]
[    1.005513] pci 0000:00:01.1: legacy IDE quirk: reg 0x1c: [io  0x0376]
[    1.036956] pci 0000:00:07.0: quirk: [io  0x4000-0x403f] claimed by PIIX4 ACPI
[    1.040770] pci 0000:00:07.0: quirk: [io  0x4100-0x410f] claimed by PIIX4 SMB
[    1.057405] ACPI: PCI Interrupt Link [LNKA] (IRQs 5 9 10 *11)
[    1.062146] ACPI: PCI Interrupt Link [LNKB] (IRQs 5 9 *10 11)
[    1.065869] ACPI: PCI Interrupt Link [LNKC] (IRQs 5 *9 10 11)
[    1.069911] ACPI: PCI Interrupt Link [LNKD] (IRQs 5 9 10 *11)
[    1.074021] ACPI: Enabled 2 GPEs in block 00 to 07
[    1.077808] vgaarb: setting as boot device: PCI:0000:00:02.0
[    1.080685] vgaarb: device added: PCI:0000:00:02.0,decodes=io+mem,owns=io+mem,locks=none
[    1.086016] vgaarb: loaded
[    1.087518] vgaarb: bridge control possible 0000:00:02.0
[    1.090608] SCSI subsystem initialized
[    1.093292] ACPI: bus type USB registered
[    1.095607] usbcore: registered new interface driver usbfs
[    1.098483] usbcore: registered new interface driver hub
[    1.101270] usbcore: registered new device driver usb
[    1.104099] PCI: Using ACPI for IRQ routing
[    1.106741] NetLabel: Initializing
[    1.109070] NetLabel:  domain hash size = 128
[    1.112327] NetLabel:  protocols = UNLABELED CIPSOv4
[    1.115665] NetLabel:  unlabeled traffic allowed by default
[    1.118613] amd_nb: Cannot enumerate AMD northbridges
[    1.121308] clocksource: Switched to clocksource kvm-clock
[    1.140300] AppArmor: AppArmor Filesystem Enabled
[    1.146843] pnp: PnP ACPI init
[    1.164417] pnp: PnP ACPI: found 3 devices
[    1.185889] clocksource: acpi_pm: mask: 0xffffff max_cycles: 0xffffff, max_idle_ns: 2085701024 ns
[    1.192704] NET: Registered protocol family 2
[    1.196072] TCP established hash table entries: 8192 (order: 4, 65536 bytes)
[    1.201695] TCP bind hash table entries: 8192 (order: 5, 131072 bytes)
[    1.206115] TCP: Hash tables configured (established 8192 bind 8192)
[    1.210841] UDP hash table entries: 512 (order: 2, 16384 bytes)
[    1.214682] UDP-Lite hash table entries: 512 (order: 2, 16384 bytes)
[    1.218104] NET: Registered protocol family 1
[    1.220602] pci 0000:00:00.0: Limiting direct PCI/PCI transfers
[    1.223869] pci 0000:00:01.0: Activating ISA DMA hang workarounds
[    1.228872] Unpacking initramfs...
[    1.799557] Freeing initrd memory: 14880K
[    1.803099] clocksource: tsc: mask: 0xffffffffffffffff max_cycles: 0x19f22c73312, max_idle_ns: 440795259572 ns
[    1.812271] platform rtc_cmos: registered platform RTC device (no PNP device found)
[    1.822155] Scanning for low memory corruption every 60 seconds
[    1.833244] audit: initializing netlink subsys (disabled)
[    1.839871] audit: type=2000 audit(1595353982.905:1): initialized
[    1.845641] Initialise system trusted keyring
[    1.848801] HugeTLB registered 2 MB page size, pre-allocated 0 pages
[    1.854861] zbud: loaded
[    1.857717] VFS: Disk quotas dquot_6.6.0
[    1.861787] VFS: Dquot-cache hash table entries: 512 (order 0, 4096 bytes)
[    1.867583] squashfs: version 4.0 (2009/01/31) Phillip Lougher
[    1.874014] fuse init (API version 7.23)
[    1.878148] Key type big_key registered
[    1.882899] Allocating IMA MOK and blacklist keyrings.
[    1.887815] Key type asymmetric registered
[    1.892967] Asymmetric key parser 'x509' registered
[    1.897764] Block layer SCSI generic (bsg) driver version 0.4 loaded (major 249)
[    1.904909] io scheduler noop registered
[    1.909668] io scheduler deadline registered (default)
[    1.914442] io scheduler cfq registered
[    1.917877] pci_hotplug: PCI Hot Plug PCI Core version: 0.5
[    1.922762] pciehp: PCI Express Hot Plug Controller Driver version: 0.4
[    1.927255] ACPI: AC Adapter [AC] (on-line)
[    1.930601] input: Power Button as /devices/LNXSYSTM:00/LNXPWRBN:00/input/input0
[    1.935906] ACPI: Power Button [PWRF]
[    1.939480] input: Sleep Button as /devices/LNXSYSTM:00/LNXSLPBN:00/input/input1
[    1.944667] ACPI: Sleep Button [SLPF]
[    1.949376] ACPI: Battery Slot [BAT0] (battery present)
[    1.954277] GHES: HEST is not enabled!
[    1.957183] Serial: 8250/16550 driver, 32 ports, IRQ sharing enabled
[    1.982528] 00:02: ttyS0 at I/O 0x3f8 (irq = 4, base_baud = 115200) is a 16550A
[    1.988618] Linux agpgart interface v0.103
[    1.993276] loop: module loaded
[    1.997178] scsi host0: ata_piix
[    2.000359] scsi host1: ata_piix
[    2.003584] ata1: PATA max UDMA/33 cmd 0x1f0 ctl 0x3f6 bmdma 0xd000 irq 14
[    2.007850] ata2: PATA max UDMA/33 cmd 0x170 ctl 0x376 bmdma 0xd008 irq 15
[    2.014629] libphy: Fixed MDIO Bus: probed
[    2.017310] tun: Universal TUN/TAP device driver, 1.6
[    2.020664] tun: (C) 1999-2004 Max Krasnyansky <maxk@qualcomm.com>
[    2.024947] PPP generic driver version 2.4.2
[    2.028505] ehci_hcd: USB 2.0 'Enhanced' Host Controller (EHCI) Driver
[    2.033606] ehci-pci: EHCI PCI platform driver
[    2.036853] ehci-platform: EHCI generic platform driver
[    2.040818] ohci_hcd: USB 1.1 'Open' Host Controller (OHCI) Driver
[    2.045761] ohci-pci: OHCI PCI platform driver
[    2.049052] ohci-platform: OHCI generic platform driver
[    2.053557] uhci_hcd: USB Universal Host Controller Interface driver
[    2.059160] i8042: PNP: PS/2 Controller [PNP0303:PS2K,PNP0f03:PS2M] at 0x60,0x64 irq 1,12
[    2.065522] serio: i8042 KBD port at 0x60,0x64 irq 1
[    2.069168] serio: i8042 AUX port at 0x60,0x64 irq 12
[    2.072476] mousedev: PS/2 mouse device common for all mice
[    2.077242] input: AT Translated Set 2 keyboard as /devices/platform/i8042/serio0/input/input2
[    2.084073] rtc_cmos rtc_cmos: rtc core: registered rtc_cmos as rtc0
[    2.089964] rtc_cmos rtc_cmos: alarms up to one day, 114 bytes nvram
[    2.094541] i2c /dev entries driver
[    2.096933] device-mapper: uevent: version 1.0.3
[    2.101328] device-mapper: ioctl: 4.34.0-ioctl (2015-10-28) initialised: dm-devel@redhat.com
[    2.107766] ledtrig-cpu: registered to indicate activity on CPUs
[    2.112376] NET: Registered protocol family 10
[    2.116496] NET: Registered protocol family 17
[    2.119383] Key type dns_resolver registered
[    2.122762] registered taskstats version 1
[    2.125426] Loading compiled-in X.509 certificates
[    2.129755] Loaded X.509 cert 'Build time autogenerated kernel key: 63b33e3df6fd3cb2c2f5596d77e3bacd7122c70c'
[    2.136350] zswap: loaded using pool lzo/zbud
[    2.142907] Key type trusted registered
[    2.150151] Key type encrypted registered
[    2.153334] AppArmor: AppArmor sha1 policy hashing enabled
[    2.157005] ima: No TPM chip found, activating TPM-bypass!
[    2.161449] ima: Allocated hash algorithm: sha1
[    2.165356] evm: HMAC attrs: 0x1
[    2.168970]   Magic number: 12:726:896
[    2.198674] rtc_cmos rtc_cmos: setting system clock to 2020-07-21 17:52:57 UTC (1595353977)
[    2.205799] BIOS EDD facility v0.16 2004-Jun-25, 0 devices found
[    2.209589] EDD information not available.
[    2.214541] Freeing unused kernel memory: 1488K
[    2.217736] Write protecting the kernel read-only data: 14336k
[    2.222400] Freeing unused kernel memory: 1596K
[    2.226869] Freeing unused kernel memory: 60K
Loading, please wait...
starting version 229
[    2.250076] random: systemd-udevd: uninitialized urandom read (16 bytes read, 5 bits of entropy available)
[    2.259251] random: udevadm: uninitialized urandom read (16 bytes read, 5 bits of entropy available)
[    2.268816] random: systemd-udevd: uninitialized urandom read (16 bytes read, 5 bits of entropy available)
[    2.278367] random: udevadm: uninitialized urandom read (16 bytes read, 5 bits of entropy available)
[    2.285677] random: systemd-udevd: uninitialized urandom read (16 bytes read, 5 bits of entropy available)
[    2.301702] random: systemd-udevd: uninitialized urandom read (16 bytes read, 5 bits of entropy available)
[    2.319125] random: udevadm: uninitialized urandom read (16 bytes read, 5 bits of entropy available)
[    2.326857] random: systemd-udevd: uninitialized urandom read (16 bytes read, 5 bits of entropy available)
[    2.334762] random: udevadm: uninitialized urandom read (16 bytes read, 5 bits of entropy available)
[    2.342165] random: systemd-udevd: uninitialized urandom read (16 bytes read, 5 bits of entropy available)
[    2.457570] e1000: Intel(R) PRO/1000 Network Driver - version 7.3.21-k8-NAPI
[    2.462833] e1000: Copyright (c) 1999-2006 Intel Corporation.
[    2.474121] Fusion MPT base driver 3.04.20
[    2.477489] Copyright (c) 1999-2008 LSI Corporation
[    2.535247] Fusion MPT SPI Host driver 3.04.20
[    2.555416] AVX2 version of gcm_enc/dec engaged.
[    2.559541] AES CTR mode by8 optimization enabled
[    2.697865] input: ImExPS/2 Generic Explorer Mouse as /devices/platform/i8042/serio1/input/input4
[    3.074463] e1000 0000:00:03.0 eth0: (PCI:33MHz:32-bit) 02:b7:cb:ab:e6:7e
[    3.080175] e1000 0000:00:03.0 eth0: Intel(R) PRO/1000 Network Connection
[    3.086325] mptbase: ioc0: Initiating bringup
[    3.154521] ioc0: LSI53C1030 A0: Capabilities={Initiator}
[    3.319662] scsi host2: ioc0: LSI53C1030 A0, FwRev=00000000h, Ports=1, MaxQ=256, IRQ=20
[    3.439388] scsi 2:0:0:0: Direct-Access     VBOX     HARDDISK         1.0  PQ: 0 ANSI: 5
[    3.447481] scsi target2:0:0: Beginning Domain Validation
[    3.453596] scsi target2:0:0: Domain Validation skipping write tests
[    3.459041] scsi target2:0:0: Ending Domain Validation
[    3.478458] scsi target2:0:0: asynchronous
[    3.499350] scsi 2:0:1:0: Direct-Access     VBOX     HARDDISK         1.0  PQ: 0 ANSI: 5
[    3.511446] scsi target2:0:1: Beginning Domain Validation
[    3.572695] scsi target2:0:1: Domain Validation skipping write tests
[    3.578545] scsi target2:0:1: Ending Domain Validation
[    3.596245] scsi target2:0:1: asynchronous
[    3.815811] sd 2:0:0:0: Attached scsi generic sg0 type 0
[    3.838947] sd 2:0:0:0: [sda] 20971520 512-byte logical blocks: (10.7 GB/10.0 GiB)
[    3.863886] sd 2:0:0:0: [sda] Write Protect is off
[    3.879577] sd 2:0:0:0: [sda] Incomplete mode parameter data
[    3.884298] sd 2:0:0:0: [sda] Assuming drive cache: write through
[    3.889848] sd 2:0:1:0: [sdb] 20480 512-byte logical blocks: (10.5 MB/10.0 MiB)
[    3.896736] sd 2:0:1:0: Attached scsi generic sg1 type 0
[    3.908312] sd 2:0:1:0: [sdb] Write Protect is off
[    3.923344] sd 2:0:1:0: [sdb] Incomplete mode parameter data
[    3.927853] sd 2:0:1:0: [sdb] Assuming drive cache: write through
[    3.934706]  sda: sda1
[    3.942681] sd 2:0:0:0: [sda] Attached SCSI disk
[    3.977432] sd 2:0:1:0: [sdb] Attached SCSI disk
[    4.023803] e1000 0000:00:08.0 eth1: (PCI:33MHz:32-bit) 08:00:27:58:3c:f3
[    4.029409] e1000 0000:00:08.0 eth1: Intel(R) PRO/1000 Network Connection
[    4.036722] e1000 0000:00:08.0 enp0s8: renamed from eth1
[    4.043523] e1000 0000:00:03.0 enp0s3: renamed from eth0
Begin: Loading essential drivers ... [    5.455396] md: linear personality registered for level -1
[    5.463504] md: multipath personality registered for level -4
[    5.470991] md: raid0 personality registered for level 0
[    5.480517] md: raid1 personality registered for level 1
[    5.553636] raid6: sse2x1   gen()  7274 MB/s
[    5.621485] raid6: sse2x1   xor()  5861 MB/s
[    5.689770] raid6: sse2x2   gen()  8776 MB/s
[    5.757679] raid6: sse2x2   xor()  5837 MB/s
[    5.825512] raid6: sse2x4   gen()  9732 MB/s
[    5.893393] raid6: sse2x4   xor()  5722 MB/s
[    5.961597] raid6: avx2x1   gen() 12135 MB/s
[    6.029455] raid6: avx2x2   gen() 14845 MB/s
[    6.097733] raid6: avx2x4   gen() 16722 MB/s
[    6.100494] raid6: using algorithm avx2x4 gen() 16722 MB/s
[    6.104053] raid6: using avx2x2 recovery algorithm
[    6.109989] xor: automatically using best checksumming function:
[    6.153396]    avx       : 16478.000 MB/sec
[    6.158165] async_tx: api initialized (async)
[    6.177185] md: raid6 personality registered for level 6
[    6.180272] md: raid5 personality registered for level 5
[    6.183104] md: raid4 personality registered for level 4
[    6.193628] md: raid10 personality registered for level 10
done.
Begin: Running /scripts/init-premount ... done.
Begin: Mounting root file system ... Begin: Running /scripts/local-top ... done.
Begin: Running /scripts/local-premount ... [    6.238054] Btrfs loaded
Scanning for Btrfs filesystems
done.
Warning: fsck not present, so skipping root file system
[    6.280702] EXT4-fs (sda1): mounted filesystem with ordered data mode. Opts: (null)
done.
Begin: Running /scripts/local-bottom ... done.
Begin: Running /scripts/init-bottom ... done.
[    6.386863] systemd[1]: systemd 229 running in system mode. (+PAM +AUDIT +SELINUX +IMA +APPARMOR +SMACK +SYSVINIT +UTMP +LIBCRYPTSETUP +GCRYPT +GNUTLS +ACL +XZ -LZ4 +SECCOMP +BLKID +ELFUTILS +KMOD -IDN)
[    6.395869] systemd[1]: Detected virtualization oracle.
[    6.399079] systemd[1]: Detected architecture x86-64.

Welcome to [1mUbuntu 16.04.6 LTS[0m!

[    6.410758] systemd[1]: Set hostname to <ubuntu>.
[    6.418505] systemd[1]: Initializing machine ID from random generator.
[    6.422031] systemd[1]: Installed transient /etc/machine-id file.
[    6.588019] systemd[1]: Listening on LVM2 poll daemon socket.
[[0;32m  OK  [0m] Listening on LVM2 poll daemon socket.
[    6.597818] systemd[1]: Listening on Journal Socket (/dev/log).
[[0;32m  OK  [0m] Listening on Journal Socket (/dev/log).
[    6.610481] systemd[1]: Listening on Syslog Socket.
[[0;32m  OK  [0m] Listening on Syslog Socket.
[    6.622541] systemd[1]: Started Forward Password Requests to Wall Directory Watch.
[[0;32m  OK  [0m] Started Forward Password Requests to Wall Directory Watch.
[    6.634023] systemd[1]: Listening on udev Control Socket.
[[0;32m  OK  [0m] Listening on udev Control Socket.
[    6.650826] systemd[1]: Reached target System Time Synchronized.
[[0;32m  OK  [0m] Reached target System Time Synchronized.
[    6.662267] systemd[1]: Reached target User and Group Name Lookups.
[[0;32m  OK  [0m] Reached target User and Group Name Lookups.
[    6.678078] systemd[1]: Created slice System Slice.
[[0;32m  OK  [0m] Created slice System Slice.
[    6.690829] systemd[1]: Created slice system-serial\x2dgetty.slice.
[[0;32m  OK  [0m] Created slice system-serial\x2dgetty.slice.
[    6.710042] systemd[1]: Listening on Journal Audit Socket.
[[0;32m  OK  [0m] Listening on Journal Audit Socket.
[    6.721956] systemd[1]: Set up automount Arbitrary Executable File Formats File System Automount Point.
[[0;32m  OK  [0m] Set up automount Arbitrary Executab...ats File System Automount Point.
[    6.734402] systemd[1]: Started Trigger resolvconf update for networkd DNS.
[[0;32m  OK  [0m] Started Trigger resolvconf update for networkd DNS.
[    6.746242] systemd[1]: Listening on Journal Socket.
[[0;32m  OK  [0m] Listening on Journal Socket.
[    6.758662] systemd[1]: Mounting Debug File System...
         Mounting Debug File System...
[    6.766676] systemd[1]: Mounting POSIX Message Queue File System...
         Mounting POSIX Message Queue File System...
[    6.783036] systemd[1]: Starting Remount Root and Kernel File Systems...
         Starting Remount Root and Kernel File Systems...
[    6.791557] EXT4-fs (sda1): re-mounted. Opts: (null)
[    6.802444] systemd[1]: Starting Nameserver information manager...
         Starting Nameserver information manager...
[    6.810384] systemd[1]: Starting Journal Service...
         Starting Journal Service...
[    6.822764] systemd[1]: Mounting Huge Pages File System...
         Mounting Huge Pages File System...
[    6.834490] systemd[1]: Listening on /dev/initctl Compatibility Named Pipe.
[[0;32m  OK  [0m] Listening on /dev/initctl Compatibility Named Pipe.
[    6.846519] systemd[1]: Starting Uncomplicated firewall...
         Starting Uncomplicated firewall...
[    6.857576] systemd[1]: Listening on udev Kernel Socket.
[[0;32m  OK  [0m] Listening on udev Kernel Socket.
[    6.866376] systemd[1]: Starting Create list of required static device nodes for the current kernel...
         Starting Create list of required st... nodes for the current kernel...
[    6.873386] systemd[1]: Reached target Encrypted Volumes.
[[0;32m  OK  [0m] Reached target Encrypted Volumes.
[    6.878867] systemd[1]: Listening on Device-mapper event daemon FIFOs.
[[0;32m  OK  [0m] Listening on Device-mapper event daemon FIFOs.
[    6.890174] systemd[1]: Starting Set console keymap...
         Starting Set console keymap...
[    6.894279] systemd[1]: Reached target Swap.
[[0;32m  OK  [0m] Reached target Swap.
[    6.906095] systemd[1]: Starting Load Kernel Modules...
         Starting Load Kernel Modules...
[    6.914575] systemd[1]: Created slice User and Session Slice.
[[0;32m  OK  [0m] Created slice User and Session Slice.
[    6.921751] systemd[1]: Reached target Slices.
[[0;32m  OK  [0m] Reached target Slices.
[    6.930068] Loading iSCSI transport class v2.0-870.
[    6.932943] systemd[1]: Listening on LVM2 metadata daemon socket.
[[0;32m  OK  [0m] Listening on LVM2 metadata daemon socket.
[    6.946547] systemd[1]: Starting Monitoring of LVM2 mirrors, snapshots etc. using dmeventd or progress polling...
         Starting Monitoring of LVM2 mirrors... dmeventd or progress polling...
[    6.961630] systemd[1]: Mounted Debug File System.
[[0;32m  OK  [0m] Mounted Debug File System.
[    6.966438] random: nonblocking pool is initialized
[    6.971016] systemd[1]: Mounted POSIX Message Queue File System.
[[0;32m  OK  [0m] Mounted POSIX Message Queue File System.
[    6.979994] iscsi: registered transport (tcp)
[    6.985847] systemd[1]: Mounted Huge Pages File System.
[[0;32m  OK  [0m] Mounted Huge Pages File System.
[    6.990982] systemd[1]: Started Journal Service.
[[0;32m  OK  [0m] Started Journal Service.
[[0;32m  OK  [0m] Started Remount Root and Kernel File Systems.
[[0;32m  OK  [0m] Started Uncomplicated firewall.
[[0;32m  OK  [0m] Started Create list of required sta...ce nodes for the current kernel.
[[0;32m  OK  [0m] Started Set console keymap.
[[0;32m  OK  [0m] Started Nameserver information manager.
[[0;32m  OK  [0m] Started LVM2 metadata daemon.
         Starting Create Static Device Nodes in /dev...
         Starting udev Coldplug all Devices...
         Starting Load/Save Random Seed...
         Starting Flush Journal to Persistent Storage...
[[0;32m  OK  [0m] Started Load/Save Random Seed.
[    7.071085] systemd-journald[378]: Received request to flush runtime journal from PID 1
[[0;32m  OK  [0m] Started Flush Journal to Persistent Storage.
[[0;32m  OK  [0m] Started Create Static Device Nodes in /dev.
         Starting udev Kernel Device Manager...
[    7.124407] iscsi: registered transport (iser)
[[0;32m  OK  [0m] Started Load Kernel Modules.
         Mounting FUSE Control File System...
         Starting Apply Kernel Variables...
[[0;32m  OK  [0m] Mounted FUSE Control File System.
[[0;32m  OK  [0m] Started udev Kernel Device Manager.
[[0;32m  OK  [0m] Started Apply Kernel Variables.
[[0;32m  OK  [0m] Started udev Coldplug all Devices.
[[0;32m  OK  [0m] Started Dispatch Password Requests to Console Directory Watch.
[[0;32m  OK  [0m] Found device /dev/ttyS0.
[[0;32m  OK  [0m] Listening on Load/Save RF Kill Switch Status /dev/rfkill Watch.
[[0;32m  OK  [0m] Started Monitoring of LVM2 mirrors,...ng dmeventd or progress polling.
[[0;32m  OK  [0m] Reached target Local File Systems (Pre).
[[0;32m  OK  [0m] Reached target Local File Systems.
         Starting Tell Plymouth To Write Out Runtime Data...
         Starting Set console font and keymap...
         Starting Initial cloud-init job (pre-networking)...
         Starting Create Volatile Files and Directories...
         Starting LSB: AppArmor initialization...
         Starting Commit a transient machine-id on disk...
[[0;32m  OK  [0m] Started Commit a transient machine-id on disk.
[[0;32m  OK  [0m] Started Tell Plymouth To Write Out Runtime Data.
[[0;32m  OK  [0m] Started Create Volatile Files and Directories.
         Starting Update UTMP about System Boot/Shutdown...
[[0;32m  OK  [0m] Started Update UTMP about System Boot/Shutdown.
[    9.946023] cloud-init[536]: Cloud-init v. 20.2-45-g5f7825e2-0ubuntu1~16.04.1 running 'init-local' at Tue, 21 Jul 2020 17:53:04 +0000. Up 9.09 seconds.
[[0;32m  OK  [0m] Started Initial cloud-init job (pre-networking).
[[0;32m  OK  [0m] Reached target Network (Pre).
[[0;32m  OK  [0m] Started LSB: AppArmor initialization.
         Starting Load AppArmor profiles managed internally by snapd...
         Starting Raise network interfaces...
[[0;32m  OK  [0m] Started Load AppArmor profiles managed internally by snapd.
[[0;32m  OK  [0m] Started Set console font and keymap.
[[0;32m  OK  [0m] Created slice system-getty.slice.
[[0;32m  OK  [0m] Started Raise network interfaces.
[[0;32m  OK  [0m] Reached target Network.
         Starting Initial cloud-init job (metadata service crawler)...
[   12.073977] cloud-init[970]: Cloud-init v. 20.2-45-g5f7825e2-0ubuntu1~16.04.1 running 'init' at Tue, 21 Jul 2020 17:53:07 +0000. Up 11.40 seconds.
[   12.080650] cloud-init[970]: ci-info: ++++++++++++++++++++++++++++++++++++++Net device info+++++++++++++++++++++++++++++++++++++++
[   12.088630] cloud-init[970]: ci-info: +--------+-------+----------------------------+---------------+--------+-------------------+
[   12.096901] cloud-init[970]: ci-info: | Device |   Up  |          Address           |      Mask     | Scope  |     Hw-Address    |
[   12.104815] cloud-init[970]: ci-info: +--------+-------+----------------------------+---------------+--------+-------------------+
[   12.112598] cloud-init[970]: ci-info: | enp0s3 |  True |         10.0.2.15          | 255.255.255.0 | global | 02:b7:cb:ab:e6:7e |
[   12.120628] cloud-init[970]: ci-info: | enp0s3 |  True | fe80::b7:cbff:feab:e67e/64 |       .       |  link  | 02:b7:cb:ab:e6:7e |
[   12.128460] cloud-init[970]: ci-info: | enp0s8 | False |             .              |       .       |   .    | 08:00:27:58:3c:f3 |
[   12.136930] cloud-init[970]: ci-info: |   lo   |  True |         127.0.0.1          |   255.0.0.0   |  host  |         .         |
[   12.144925] cloud-init[970]: ci-info: |   lo   |  True |          ::1/128           |       .       |  host  |         .         |
[   12.152351] cloud-init[970]: ci-info: +--------+-------+----------------------------+---------------+--------+-------------------+
[[0;32m  OK  [0m] Started Initial cloud-init job (metadata service crawler).
[[0;32m  OK  [0m] Reached target System Initialization.
         Starting Socket activation for snappy daemon.
[   12.162491] cloud-init[970]: ci-info: +++++++++++++++++++++++++++Route IPv4 info++++++++++++++++++++++++++++
[   12.184262] cloud-init[970]: ci-info: +-------+-------------+----------+---------------+-----------+-------+
[   12.192940] cloud-init[970]: ci-info: | Route | Destination | Gateway  |    Genmask    | Interface | Flags |
[   12.200715] cloud-init[970]: ci-info: +-------+-------------+----------+---------------+-----------+-------+
[[0;32m  OK  [0m] Started ACPI Events Check.
[[0;32m  OK  [0m] Reached target Paths.
[[0;32m  OK  [0m] Started Daily apt download activities.
[   12.210673] cloud-init[970]: ci-info: |   0   |   0.0.0.0   | 10.0.2.2 |    0.0.0.0    |   enp0s3  |   UG  |
[   12.227513] cloud-init[970]: ci-info: |   1   |   10.0.2.0  | 0.0.0.0  | 255.255.255.0 |   enp0s3  |   U   |
[   12.236845] cloud-init[970]: ci-info: +-------+-------------+----------+---------------+-----------+-------+
[   12.244582] cloud-init[970]: ci-info: +++++++++++++++++++Route IPv6 info+++++++++++++++++++
[[0;32m  OK  [0m] Listening on D-Bus System Message Bus Socket.
[[0;32m  OK  [0m] Started Daily apt upgrade and clean activities.
[[0;32m  OK  [0m] Listening on UUID daemon activation socket.
[   12.255111] cloud-init[970]: ci-info: +-------+-------------+---------+-----------+-------+
[[0;32m  OK  [0m] Started Message of the Day.
[[0;32m  OK  [0m] Listening on ACPID Listen Socket.
[[0;32m  OK  [0m] Started Daily Cleanup of Temporary Directories.
[   12.275873] cloud-init[970]: ci-info: | Route | Destination | Gateway | Interface | Flags |
[   12.284669] cloud-init[970]: ci-info: +-------+-------------+---------+-----------+-------+
[   12.292476] cloud-init[970]: ci-info: |   0   |  fe80::/64  |    ::   |   enp0s3  |   U   |
[   12.300342] cloud-init[970]: ci-info: |   3   |   ff00::/8  |    ::   |   enp0s3  |   U   |
[   12.309204] cloud-init[970]: ci-info: +-------+-------------+---------+-----------+-------+
[   12.316976] cloud-init[970]: Generating public/private rsa key pair.
         Starting LXD - unix socket.
[[0;32m  OK  [0m] Reached target Timers.
[   12.326912] cloud-init[970]: Your identification has been saved in /etc/ssh/ssh_host_rsa_key.
[   12.340106] cloud-init[970]: Your public key has been saved in /etc/ssh/ssh_host_rsa_key.pub.
[   12.349176] cloud-init[970]: The key fingerprint is:
[[0;32m  OK  [0m] Reached target Network is Online.
         Starting iSCSI initiator daemon (iscsid)...
[[0;32m  OK  [0m] Reached target Cloud-config availability.
[[0;32m  OK  [0m] Listening on Socket activation for snappy daemon.
[[0;32m  OK  [0m] Listening on LXD - unix socket.
[[0;32m  OK  [0m] Reached target Sockets.
[   12.360025] cloud-init[970]: SHA256:l4lkDs6Cv9IGD62Q3K3XfQW7kWzKvpBok1sKKMurxAU root@ubuntu-xenial
[[0;32m  OK  [0m] Reached target Basic System.
         Starting /etc/rc.local Compatibility...
[   12.384333] cloud-init[970]: The key's randomart image is:
[   12.404694] cloud-init[970]: +---[RSA 2048]----+
[   12.412640] cloud-init[970]: |                 |
[[0;32m  OK  [0m] Started ACPI event daemon.
[   12.422048] cloud-init[970]: |                 |
[   12.424600] cloud-init[970]: | E    . o        |
         Starting Pollinate to seed the pseudo random number generator...
         Starting Accounts Service...
[[0;32m  OK  [0m] Started Deferred execution scheduler.
[   12.427389] cloud-init[970]: |  .. o = . +     |
[   12.439253] cloud-init[970]: |..ooo o S = +    |
[[0;32m  OK  [0m] Started Regular background program processing daemon.
         Starting LSB: MD monitoring daemon...
         Starting LXD - container startup/shutdown...
[[0;32m  OK  [0m] Started D-Bus System Message Bus.
[   12.474479] cloud-init[970]: |+.=o.oo .. * .   |
[   12.484117] cloud-init[970]: |.= Bo=.+o o +    |
[   12.488004] cloud-init[970]: |+.o.*o=..+ o     |
[   12.504685] cloud-init[970]: |+o.ooo  .oo      |
[   12.505525] cloud-init[970]: +----[SHA256]-----+
[   12.506498] cloud-init[970]: Generating public/private dsa key pair.
[   12.507532] cloud-init[970]: Your identification has been saved in /etc/ssh/ssh_host_dsa_key.
[   12.510331] cloud-init[970]: Your public key has been saved in /etc/ssh/ssh_host_dsa_key.pub.
[   12.512900] cloud-init[970]: The key fingerprint is:
[   12.515776] cloud-init[970]: SHA256:M0149zZqbk/REQfwve/NKRZJjl30fMuyJ8lo5ppK0MU root@ubuntu-xenial
[   12.517848] cloud-init[970]: The key's randomart image is:
         Starting Login Service...
         Starting LSB: Record successful boot for GRUB...
[[0;32m  OK  [0m] Started FUSE filesystem for LXC.
         Starting System Logging Service...
         Starting Virtualbox guest utils...
         Starting Snap Daemon...
[[0;32m  OK  [0m] Started iSCSI initiator daemon (iscsid).
[[0;32m  OK  [0m] Started /etc/rc.local Compatibility.
         Starting Login to default iSCSI targets...
[   12.543295] cloud-init[970]: +---[DSA 1024]----+
[   12.615727] cloud-init[970]: |            ...o.|
[   12.633062] cloud-init[970]: |        ..   . oo|
[[0;32m  OK  [0m] Started Login Service.
[[0;32m  OK  [0m] Started System Logging Service.
[[0;32m  OK  [0m] Started Login to default iSCSI targets.
[   12.649838] cloud-init[970]: |        .Eo . ooo|
         Starting Authenticate and Authorize Users to Run Privileged Tasks...
[[0;32m  OK  [0m] Reached target Remote File Systems (Pre).
[[0;32m  OK  [0m] Reached target Remote File Systems.
         Starting Permit User Sessions...
         Starting LSB: Set the CPU Frequency Scaling governor to "ondemand"...
         Starting LSB: automatic crash report generation...
         Starting LSB: daemon to balance interrupts for SMP systems...
[[0;32m  OK  [0m] Started Unattended Upgrades Shutdown.
[[0;32m  OK  [0m] Started Permit User Sessions.
         Starting Hold until boot process finishes up...
         Starting Terminate Plymouth Boot Screen...
[[0;32m  OK  [0m] Started Hold until boot process finishes up.
[[0;32m  OK  [0m] Started Getty on tty1.
         Starting Set console scheme...
[[0;32m  OK  [0m] Started Serial Getty on ttyS0.
[   12.743738] cloud-init[970]: |      . .+ . o o*|
[[0;32m  OK  [0m] Reached target Login Prompts.
[[0;32m  OK  [0m] Started Terminate Plymouth Boot Screen.
[[0;32m  OK  [0m] Started Set console scheme.
[   12.757307] cloud-init[970]: |     . .S . = O.+|
[[   12.796257] cloud-init[970]: |      .  o . O =.|
[   12.796617] cloud-init[970]: |       .    = * .|
[   12.797122] cloud-init[970]: |      .   .*.O +o|
[   12.797470] cloud-init[970]: |       ..o=oo.=.+|
[   12.797904] cloud-init[970]: +----[SHA256]-----+
[   12.798292] cloud-init[970]: Generating public/private ecdsa key pair.
[   12.798828] cloud-init[970]: Your identification has been saved in /etc/ssh/ssh_host_ecdsa_key.
[   12.799498] cloud-init[970]: Your public key has been saved in /etc/ssh/ssh_host_ecdsa_key.pub.
[0;32m  OK  [0m] Started LSB: MD monitoring daemon.
[[0;32m  OK  [0m] Started LSB: Set the CPU Frequency Scaling governor to "ondemand".
[   12.843692] cloud-init[970]: The key fingerprint is:
[   12.847935] cloud-init[970]: SHA256:OZuoXfwOVgagGZuhQUig8bBOhGInWWUBCRSMWHYjfmA root@ubuntu-xenial
[   12.858899] cloud-init[970]: The key's randomart image is:
[   12.870631] cloud-init[970]: +---[ECDSA 256]---+
[   12.879176] cloud-init[970]: |%XEoO+o          |
[[0;32m  OK  [0m] Started Authenticate and Authorize Users to Run Privileged Tasks.
[[0;32m  OK  [0m] Started Accounts Service.
[[0;32m  OK  [0m] Started LSB: automatic crash report generation.
[   12.903824] cloud-init[970]: |O& O.O .         |
[   12.918441] cloud-init[970]: |=.* *   .        |
[   12.925128] cloud-init[970]: |o  .     o       |
[[0;32m  OK  [0m] Started LSB: daemon to balance interrupts for SMP systems.
[[0;32m  OK  [0m] Started LXD - container startup/shutdown.
[[0;32m  OK  [0m] Started LSB: Record successful boot for GRUB.
[   12.942105] cloud-init[970]: | .      S o      |
[   12.964474] cloud-init[970]: |       o *       |
[   12.983437] cloud-init[970]: |      . B        |
[   12.993088] cloud-init[970]: |     o o o       |
[   12.994639] cloud-init[970]: |    . .  .o      |
[   12.996158] cloud-init[970]: +----[SHA256]-----+
[   12.997302] cloud-init[970]: Generating public/private ed25519 key pair.
[   12.999000] cloud-init[970]: Your identification has been saved in /etc/ssh/ssh_host_ed25519_key.
[   13.008669] cloud-init[970]: Your public key has been saved in /etc/ssh/ssh_host_ed25519_key.pub.
[   13.016352] cloud-init[970]: The key fingerprint is:
[   13.017661] cloud-init[970]: SHA256:Iy9pnLvT3ptT9MwmAXmm9puZ2x7WuWw9yIWyF8KZxXg root@ubuntu-xenial
[   13.020481] cloud-init[970]: The key's randomart image is:
[   13.021763] cloud-init[970]: +--[ED25519 256]--+
[   13.028183] cloud-init[970]: |           .     |
[   13.032446] cloud-init[970]: |          o o    |
[   13.041613] cloud-init[970]: |           =o    |
[   13.042809] cloud-init[970]: |          o.oE   |
[   13.047008] cloud-init[970]: |      . S..o==.  |
[   13.057249] cloud-init[970]: |     . = . *+o=o.|
[   13.064774] cloud-init[970]: |      *..  .=B*.o|
[   13.068900] cloud-init[970]: |     ..o...o=*.+o|
[   13.072888] cloud-init[970]: |      o+. +ooo+o.|
[   13.086053] cloud-init[970]: +----[SHA256]-----+
[[0;32m  OK  [0m] Started Virtualbox guest utils.
[[0;32m  OK  [0m] Started Snap Daemon.
         Starting Wait until snapd is fully seeded...
[[0;32m  OK  [0m] Started Pollinate to seed the pseudo random number generator.
         Starting OpenBSD Secure Shell server...
[[0;32m  OK  [0m] Started OpenBSD Secure Shell server.
[[0;32m  OK  [0m] Created slice User Slice of vagrant.
         Starting User Manager for UID 1000...
[[0;32m  OK  [0m] Started Session 1 of user vagrant.
[[0;32m  OK  [0m] Started User Manager for UID 1000.
[[0;32m  OK  [0m] Started Wait until snapd is fully seeded.
         Starting Apply the settings specified in cloud-config...
[[0;32m  OK  [0m] Reached target Multi-User System.
[[0;32m  OK  [0m] Reached target Graphical Interface.
         Starting Update UTMP about System Runlevel Changes...
[[0;32m  OK  [0m] Started Update UTMP about System Runlevel Changes.
[   15.866533] cloud-init[1397]: Generating locales (this might take a while)...
[   17.681168] cloud-init[1397]:   en_US.UTF-8... done
[   17.687273] cloud-init[1397]: Generation complete.
[   18.139635] cloud-init[1397]: Cloud-init v. 20.2-45-g5f7825e2-0ubuntu1~16.04.1 running 'modules:config' at Tue, 21 Jul 2020 17:53:11 +0000. Up 15.61 seconds.

Ubuntu 16.04.6 LTS ubuntu-xenial ttyS0

ubuntu-xenial login: ci-info: no authorized SSH keys fingerprints found for user ubuntu.
<14>Jul 21 17:53:14 ec2: 
<14>Jul 21 17:53:14 ec2: #############################################################
<14>Jul 21 17:53:14 ec2: -----BEGIN SSH HOST KEY FINGERPRINTS-----
<14>Jul 21 17:53:14 ec2: 1024 SHA256:M0149zZqbk/REQfwve/NKRZJjl30fMuyJ8lo5ppK0MU root@ubuntu-xenial (DSA)
<14>Jul 21 17:53:14 ec2: 256 SHA256:OZuoXfwOVgagGZuhQUig8bBOhGInWWUBCRSMWHYjfmA root@ubuntu-xenial (ECDSA)
<14>Jul 21 17:53:14 ec2: 256 SHA256:Iy9pnLvT3ptT9MwmAXmm9puZ2x7WuWw9yIWyF8KZxXg root@ubuntu-xenial (ED25519)
<14>Jul 21 17:53:14 ec2: 2048 SHA256:l4lkDs6Cv9IGD62Q3K3XfQW7kWzKvpBok1sKKMurxAU root@ubuntu-xenial (RSA)
<14>Jul 21 17:53:14 ec2: -----END SSH HOST KEY FINGERPRINTS-----
<14>Jul 21 17:53:14 ec2: #############################################################
-----BEGIN SSH HOST KEY KEYS-----
ecdsa-sha2-nistp256 AAAAE2VjZHNhLXNoYTItbmlzdHAyNTYAAAAIbmlzdHAyNTYAAABBBMtuJ3t7/rForPfLbKbsScRSOCO4zKy1vf3ER0TBD+WwzyZYGOtur/NqoDfErshOY8KMyGqhrb0xD/xn1vCIQUs= root@ubuntu-xenial
ssh-ed25519 AAAAC3NzaC1lZDI1NTE5AAAAIGSfOVXsV89u/7ENHa9xNhxuu1juoPFJdUr9akgeUCmA root@ubuntu-xenial
ssh-rsa AAAAB3NzaC1yc2EAAAADAQABAAABAQC/LY43y1GpmJdTymNYjLlPdywJBvIXId/XK84ieQk1hgLpuV7c8PKDOsqQUHsbmwOTa2p2crWVTnN4cbxO9QDZXOhziG3OGAY/wLuo35BQj8qF+419oPerXBPRGrnpHcGs2B4Wxv60IwO1hhDb30XdzOqsRhiJbtTyiYHBXXBFmfUjVME3o8TgaIogub5az6WI1X4ISt1l9md/OXIwqysuphyYmU4hnbN5rjka9E2DAfWWs7qNuMhi85pmko5GZ3/UG02OPhb6ZxbhPdhfqpOCYjV5P3Yc0eW6kCpwHQaLyZq0HY7XiEvyx5g373/DSY+EVQw7qnAVSQt96/VRjJU/ root@ubuntu-xenial
-----END SSH HOST KEY KEYS-----
[   18.915624] cloud-init[1576]: Cloud-init v. 20.2-45-g5f7825e2-0ubuntu1~16.04.1 running 'modules:final' at Tue, 21 Jul 2020 17:53:14 +0000. Up 18.66 seconds.
[   18.917788] cloud-init[1576]: ci-info: no authorized SSH keys fingerprints found for user ubuntu.
[   18.918832] cloud-init[1576]: Cloud-init v. 20.2-45-g5f7825e2-0ubuntu1~16.04.1 finished at Tue, 21 Jul 2020 17:53:14 +0000. Datasource DataSourceNoCloud [seed=/dev/sdb][dsmode=net].  Up 18.90 seconds
